Compiling the CXX compiler identification source file "CMakeCXXCompilerId.cpp" failed.
Compiler: CMAKE_CXX_COMPILER-NOTFOUND 
Build flags: 
Id flags: 

The output was:
No such file or directory


Compiling the CXX compiler identification source file "CMakeCXXCompilerId.cpp" failed.
Compiler: CMAKE_CXX_COMPILER-NOTFOUND 
Build flags: 
Id flags: -c

The output was:
No such file or directory


Checking whether the CXX compiler is IAR using "" did not match "IAR .+ Compiler":
Determining if the pthread_create exist failed with the following output:
Change Dir: /home/vagrant/CMakeFiles/CMakeTmp

Run Build Command:/usr/bin/make "cmTryCompileExec4260466962/fast"
/usr/bin/make -f CMakeFiles/cmTryCompileExec4260466962.dir/build.make CMakeFiles/cmTryCompileExec4260466962.dir/build
make[1]: Entering directory `/home/vagrant/CMakeFiles/CMakeTmp'
/usr/bin/cmake -E cmake_progress_report /home/vagrant/CMakeFiles/CMakeTmp/CMakeFiles 1
Building C object CMakeFiles/cmTryCompileExec4260466962.dir/CheckSymbolExists.c.o
/usr/bin/cc    -o CMakeFiles/cmTryCompileExec4260466962.dir/CheckSymbolExists.c.o   -c /home/vagrant/CMakeFiles/CMakeTmp/CheckSymbolExists.c
Linking C executable cmTryCompileExec4260466962
/usr/bin/cmake -E cmake_link_script CMakeFiles/cmTryCompileExec4260466962.dir/link.txt --verbose=1
/usr/bin/cc       CMakeFiles/cmTryCompileExec4260466962.dir/CheckSymbolExists.c.o  -o cmTryCompileExec4260466962 -rdynamic 
CMakeFiles/cmTryCompileExec4260466962.dir/CheckSymbolExists.c.o: In function `main':
CheckSymbolExists.c:(.text+0x16): undefined reference to `pthread_create'
collect2: error: ld returned 1 exit status
make[1]: Leaving directory `/home/vagrant/CMakeFiles/CMakeTmp'
make[1]: *** [cmTryCompileExec4260466962] Error 1
make: *** [cmTryCompileExec4260466962/fast] Error 2

File /home/vagrant/CMakeFiles/CMakeTmp/CheckSymbolExists.c:
/* */
#include <pthread.h>

int main(int argc, char** argv)
{
  (void)argv;
#ifndef pthread_create
  return ((int*)(&pthread_create))[argc];
#else
  (void)argc;
  return 0;
#endif
}

Determining if the function pthread_create exists in the pthreads failed with the following output:
Change Dir: /home/vagrant/CMakeFiles/CMakeTmp

Run Build Command:/usr/bin/make "cmTryCompileExec1273508112/fast"
/usr/bin/make -f CMakeFiles/cmTryCompileExec1273508112.dir/build.make CMakeFiles/cmTryCompileExec1273508112.dir/build
make[1]: Entering directory `/home/vagrant/CMakeFiles/CMakeTmp'
/usr/bin/cmake -E cmake_progress_report /home/vagrant/CMakeFiles/CMakeTmp/CMakeFiles 1
Building C object CMakeFiles/cmTryCompileExec1273508112.dir/CheckFunctionExists.c.o
/usr/bin/cc   -DCHECK_FUNCTION_EXISTS=pthread_create   -o CMakeFiles/cmTryCompileExec1273508112.dir/CheckFunctionExists.c.o   -c /usr/share/cmake-2.8/Modules/CheckFunctionExists.c
Linking C executable cmTryCompileExec1273508112
/usr/bin/cmake -E cmake_link_script CMakeFiles/cmTryCompileExec1273508112.dir/link.txt --verbose=1
/usr/bin/cc   -DCHECK_FUNCTION_EXISTS=pthread_create    CMakeFiles/cmTryCompileExec1273508112.dir/CheckFunctionExists.c.o  -o cmTryCompileExec1273508112 -rdynamic -lpthreads 
/usr/bin/ld: cannot find -lpthreads
collect2: error: ld returned 1 exit status
make[1]: Leaving directory `/home/vagrant/CMakeFiles/CMakeTmp'
make[1]: *** [cmTryCompileExec1273508112] Error 1
make: *** [cmTryCompileExec1273508112/fast] Error 2


Compiling the CXX compiler identification source file "CMakeCXXCompilerId.cpp" failed.
Compiler: CMAKE_CXX_COMPILER-NOTFOUND 
Build flags: 
Id flags: 

The output was:
No such file or directory


Compiling the CXX compiler identification source file "CMakeCXXCompilerId.cpp" failed.
Compiler: CMAKE_CXX_COMPILER-NOTFOUND 
Build flags: 
Id flags: -c

The output was:
No such file or directory


Checking whether the CXX compiler is IAR using "" did not match "IAR .+ Compiler":
Compiling the CXX compiler identification source file "CMakeCXXCompilerId.cpp" failed.
Compiler: CMAKE_CXX_COMPILER-NOTFOUND 
Build flags: 
Id flags: 

The output was:
No such file or directory


Compiling the CXX compiler identification source file "CMakeCXXCompilerId.cpp" failed.
Compiler: CMAKE_CXX_COMPILER-NOTFOUND 
Build flags: 
Id flags: -c

The output was:
No such file or directory


Checking whether the CXX compiler is IAR using "" did not match "IAR .+ Compiler":
